[debug] [2023-04-30T07:15:31.473Z] ----------------------------------------------------------------------
[debug] [2023-04-30T07:15:31.474Z] Command:       /home/glitch/.nvm/versions/node/v18.14.1/bin/node /home/glitch/.nvm/versions/node/v18.14.1/bin/firebase deploy
[debug] [2023-04-30T07:15:31.475Z] CLI Version:   11.23.1
[debug] [2023-04-30T07:15:31.475Z] Platform:      linux
[debug] [2023-04-30T07:15:31.475Z] Node Version:  v18.14.1
[debug] [2023-04-30T07:15:31.475Z] Time:          Sun Apr 30 2023 12:45:31 GMT+0530 (India Standard Time)
[debug] [2023-04-30T07:15:31.475Z] ----------------------------------------------------------------------
[debug] 
[debug] [2023-04-30T07:15:31.516Z] > command requires scopes: ["email","openid","https://www.googleapis.com/auth/cloudplatformprojects.readonly","https://www.googleapis.com/auth/firebase","https://www.googleapis.com/auth/cloud-platform"]
[debug] [2023-04-30T07:15:31.516Z] > authorizing via signed-in user (ayushsubramanyamnayak@gmail.com)
[debug] [2023-04-30T07:15:31.516Z] [iam] checking project migraine-ui for permissions ["firebase.projects.get","firebasehosting.sites.update"]
[debug] [2023-04-30T07:15:31.517Z] > refreshing access token with scopes: []
[debug] [2023-04-30T07:15:31.518Z] >>> [apiv2][query] POST https://www.googleapis.com/oauth2/v3/token [none]
[debug] [2023-04-30T07:15:31.518Z] >>> [apiv2][body] POST https://www.googleapis.com/oauth2/v3/token [omitted]
[debug] [2023-04-30T07:15:31.548Z] [iam] error while checking permissions, command may fail: FirebaseError: Authentication Error: Your credentials are no longer valid. Please run firebase login --reauth

For CI servers and headless environments, generate a new token with firebase login:ci
[debug] [2023-04-30T07:15:31.548Z] > refreshing access token with scopes: []
[debug] [2023-04-30T07:15:31.549Z] >>> [apiv2][query] POST https://www.googleapis.com/oauth2/v3/token [none]
[debug] [2023-04-30T07:15:31.549Z] >>> [apiv2][body] POST https://www.googleapis.com/oauth2/v3/token [omitted]
[debug] [2023-04-30T07:15:31.553Z] Authentication Error: Your credentials are no longer valid. Please run firebase login --reauth

For CI servers and headless environments, generate a new token with firebase login:ci
[debug] [2023-04-30T07:15:31.559Z] FirebaseError: Authentication Error: Your credentials are no longer valid. Please run firebase login --reauth

For CI servers and headless environments, generate a new token with firebase login:ci
    at invalidCredentialError (/home/glitch/.nvm/versions/node/v18.14.1/lib/node_modules/firebase-tools/lib/auth.js:144:12)
    at refreshTokens (/home/glitch/.nvm/versions/node/v18.14.1/lib/node_modules/firebase-tools/lib/auth.js:508:15)
    at process.processTicksAndRejections (node:internal/process/task_queues:95:5)
    at async Client.getAccessToken (/home/glitch/.nvm/versions/node/v18.14.1/lib/node_modules/firebase-tools/lib/apiv2.js:149:23)
    at async Client.addAuthHeader (/home/glitch/.nvm/versions/node/v18.14.1/lib/node_modules/firebase-tools/lib/apiv2.js:140:21)
    at async Client.request (/home/glitch/.nvm/versions/node/v18.14.1/lib/node_modules/firebase-tools/lib/apiv2.js:96:34)
    at async getFirebaseProject (/home/glitch/.nvm/versions/node/v18.14.1/lib/node_modules/firebase-tools/lib/management/projects.js:295:21)
    at async getDefaultHostingSite (/home/glitch/.nvm/versions/node/v18.14.1/lib/node_modules/firebase-tools/lib/getDefaultHostingSite.js:10:21)
    at async requireHostingSite (/home/glitch/.nvm/versions/node/v18.14.1/lib/node_modules/firebase-tools/lib/requireHostingSite.js:9:18)
    at async Object.fn (/home/glitch/.nvm/versions/node/v18.14.1/lib/node_modules/firebase-tools/lib/commands/deploy.js:74:9)
    at async /home/glitch/.nvm/versions/node/v18.14.1/lib/node_modules/firebase-tools/lib/command.js:214:17
[error] 
[error] Error: Failed to get Firebase project migraine-ui. Please make sure the project exists and your account has permission to access it.
[debug] [2023-04-30T07:15:52.140Z] ----------------------------------------------------------------------
[debug] [2023-04-30T07:15:52.141Z] Command:       /home/glitch/.nvm/versions/node/v18.14.1/bin/node /home/glitch/.nvm/versions/node/v18.14.1/bin/firebase deploy
[debug] [2023-04-30T07:15:52.141Z] CLI Version:   11.23.1
[debug] [2023-04-30T07:15:52.142Z] Platform:      linux
[debug] [2023-04-30T07:15:52.142Z] Node Version:  v18.14.1
[debug] [2023-04-30T07:15:52.142Z] Time:          Sun Apr 30 2023 12:45:52 GMT+0530 (India Standard Time)
[debug] [2023-04-30T07:15:52.142Z] ----------------------------------------------------------------------
[debug] 
[debug] [2023-04-30T07:15:52.184Z] > command requires scopes: ["email","openid","https://www.googleapis.com/auth/cloudplatformprojects.readonly","https://www.googleapis.com/auth/firebase","https://www.googleapis.com/auth/cloud-platform"]
[debug] [2023-04-30T07:15:52.185Z] > authorizing via signed-in user (ayushsubramanyamnayak@gmail.com)
[debug] [2023-04-30T07:15:52.185Z] [iam] checking project migraine-ui for permissions ["firebase.projects.get","firebasehosting.sites.update"]
[debug] [2023-04-30T07:15:52.186Z] > refreshing access token with scopes: []
[debug] [2023-04-30T07:15:52.187Z] >>> [apiv2][query] POST https://www.googleapis.com/oauth2/v3/token [none]
[debug] [2023-04-30T07:15:52.187Z] >>> [apiv2][body] POST https://www.googleapis.com/oauth2/v3/token [omitted]
[debug] [2023-04-30T07:15:52.211Z] [iam] error while checking permissions, command may fail: FirebaseError: Authentication Error: Your credentials are no longer valid. Please run firebase login --reauth

For CI servers and headless environments, generate a new token with firebase login:ci
[debug] [2023-04-30T07:15:52.211Z] > refreshing access token with scopes: []
[debug] [2023-04-30T07:15:52.211Z] >>> [apiv2][query] POST https://www.googleapis.com/oauth2/v3/token [none]
[debug] [2023-04-30T07:15:52.212Z] >>> [apiv2][body] POST https://www.googleapis.com/oauth2/v3/token [omitted]
[debug] [2023-04-30T07:15:52.215Z] Authentication Error: Your credentials are no longer valid. Please run firebase login --reauth

For CI servers and headless environments, generate a new token with firebase login:ci
[debug] [2023-04-30T07:15:52.222Z] FirebaseError: Authentication Error: Your credentials are no longer valid. Please run firebase login --reauth

For CI servers and headless environments, generate a new token with firebase login:ci
    at invalidCredentialError (/home/glitch/.nvm/versions/node/v18.14.1/lib/node_modules/firebase-tools/lib/auth.js:144:12)
    at refreshTokens (/home/glitch/.nvm/versions/node/v18.14.1/lib/node_modules/firebase-tools/lib/auth.js:508:15)
    at process.processTicksAndRejections (node:internal/process/task_queues:95:5)
    at async Client.getAccessToken (/home/glitch/.nvm/versions/node/v18.14.1/lib/node_modules/firebase-tools/lib/apiv2.js:149:23)
    at async Client.addAuthHeader (/home/glitch/.nvm/versions/node/v18.14.1/lib/node_modules/firebase-tools/lib/apiv2.js:140:21)
    at async Client.request (/home/glitch/.nvm/versions/node/v18.14.1/lib/node_modules/firebase-tools/lib/apiv2.js:96:34)
    at async getFirebaseProject (/home/glitch/.nvm/versions/node/v18.14.1/lib/node_modules/firebase-tools/lib/management/projects.js:295:21)
    at async getDefaultHostingSite (/home/glitch/.nvm/versions/node/v18.14.1/lib/node_modules/firebase-tools/lib/getDefaultHostingSite.js:10:21)
    at async requireHostingSite (/home/glitch/.nvm/versions/node/v18.14.1/lib/node_modules/firebase-tools/lib/requireHostingSite.js:9:18)
    at async Object.fn (/home/glitch/.nvm/versions/node/v18.14.1/lib/node_modules/firebase-tools/lib/commands/deploy.js:74:9)
    at async /home/glitch/.nvm/versions/node/v18.14.1/lib/node_modules/firebase-tools/lib/command.js:214:17
[error] 
[error] Error: Failed to get Firebase project migraine-ui. Please make sure the project exists and your account has permission to access it.
